2020-06-04 15:33:16.455  INFO 16172 --- [main] l.m.community.CommunityApplicationTests  : Starting CommunityApplicationTests on DESKTOP-802NLDQ with PID 16172 (started by 14914 in E:\firefoxœ¬‘ÿ\XDUwebProject)
2020-06-04 15:33:16.457  INFO 16172 --- [main] l.m.community.CommunityApplicationTests  : No active profile set, falling back to default profiles: default
2020-06-04 15:33:21.500  INFO 16172 --- [main] o.s.s.concurrent.ThreadPoolTaskExecutor  : Initializing ExecutorService 'applicationTaskExecutor'
2020-06-04 15:33:21.875  INFO 16172 --- [main] o.s.b.a.w.s.WelcomePageHandlerMapping    : Adding welcome page template: index
2020-06-04 15:33:22.181  INFO 16172 --- [main] o.s.s.c.ThreadPoolTaskScheduler          : Initializing ExecutorService 'taskScheduler'
2020-06-04 15:33:22.302  INFO 16172 --- [scheduling-1] l.m.community.schedule.HotTagTasks       : hotTagSchedule start Thu Jun 04 15:33:22 CST 2020
2020-06-04 15:33:22.307  INFO 16172 --- [main] l.m.community.CommunityApplicationTests  : Started CommunityApplicationTests in 6.537 seconds (JVM running for 8.39)
2020-06-04 15:33:22.366  INFO 16172 --- [scheduling-1] com.zaxxer.hikari.HikariDataSource       : HikariPool-1 - Starting...
2020-06-04 15:33:23.009  INFO 16172 --- [Thread-3] o.s.s.c.ThreadPoolTaskScheduler          : Shutting down ExecutorService 'taskScheduler'
2020-06-04 15:33:23.011  INFO 16172 --- [Thread-3] o.s.s.concurrent.ThreadPoolTaskExecutor  : Shutting down ExecutorService 'applicationTaskExecutor'
2020-06-04 15:33:56.607  INFO 18992 --- [main] l.m.community.CommunityApplication       : Starting CommunityApplication v0.0.1-SNAPSHOT on DESKTOP-802NLDQ with PID 18992 (E:\firefoxœ¬‘ÿ\XDUwebProject\target\community-0.0.1-SNAPSHOT.jar started by 14914 in E:\firefoxœ¬‘ÿ\XDUwebProject)
2020-06-04 15:33:56.611  INFO 18992 --- [main] l.m.community.CommunityApplication       : No active profile set, falling back to default profiles: default
2020-06-04 15:33:58.689  INFO 18992 --- [main] o.s.b.w.embedded.tomcat.TomcatWebServer  : Tomcat initialized with port(s): 8887 (http)
2020-06-04 15:33:58.736  INFO 18992 --- [main] o.apache.catalina.core.StandardService   : Starting service [Tomcat]
2020-06-04 15:33:58.737  INFO 18992 --- [main] org.apache.catalina.core.StandardEngine  : Starting Servlet engine: [Apache Tomcat/9.0.17]
2020-06-04 15:33:58.876  INFO 18992 --- [main] o.a.c.c.C.[Tomcat].[localhost].[/]       : Initializing Spring embedded WebApplicationContext
2020-06-04 15:33:58.877  INFO 18992 --- [main] o.s.web.context.ContextLoader            : Root WebApplicationContext: initialization completed in 2205 ms
2020-06-04 15:33:59.862  INFO 18992 --- [main] o.s.s.concurrent.ThreadPoolTaskExecutor  : Initializing ExecutorService 'applicationTaskExecutor'
2020-06-04 15:34:00.108  INFO 18992 --- [main] o.s.b.a.w.s.WelcomePageHandlerMapping    : Adding welcome page template: index
2020-06-04 15:34:00.277  INFO 18992 --- [main] o.s.s.c.ThreadPoolTaskScheduler          : Initializing ExecutorService 'taskScheduler'
2020-06-04 15:34:00.371  INFO 18992 --- [scheduling-1] l.m.community.schedule.HotTagTasks       : hotTagSchedule start Thu Jun 04 15:34:00 CST 2020
2020-06-04 15:34:00.421  INFO 18992 --- [main] o.s.b.w.embedded.tomcat.TomcatWebServer  : Tomcat started on port(s): 8887 (http) with context path ''
2020-06-04 15:34:00.428  INFO 18992 --- [main] l.m.community.CommunityApplication       : Started CommunityApplication in 4.42 seconds (JVM running for 5.233)
2020-06-04 15:34:00.450  INFO 18992 --- [scheduling-1] com.zaxxer.hikari.HikariDataSource       : HikariPool-1 - Starting...
2020-06-04 15:34:00.800  INFO 18992 --- [scheduling-1] com.zaxxer.hikari.HikariDataSource       : HikariPool-1 - Start completed.
2020-06-04 15:34:00.872  INFO 18992 --- [scheduling-1] l.m.community.schedule.HotTagTasks       : hotTagSchedule stop Thu Jun 04 15:34:00 CST 2020
2020-06-04 15:34:08.069  INFO 18992 --- [http-nio-8887-exec-1] o.a.c.c.C.[Tomcat].[localhost].[/]       : Initializing Spring DispatcherServlet 'dispatcherServlet'
2020-06-04 15:34:08.071  INFO 18992 --- [http-nio-8887-exec-1] o.s.web.servlet.DispatcherServlet        : Initializing Servlet 'dispatcherServlet'
2020-06-04 15:34:08.092  INFO 18992 --- [http-nio-8887-exec-1] o.s.web.servlet.DispatcherServlet        : Completed initialization in 19 ms
